0 info it worked if it ends with ok
1 verbose cli [ '/usr/local/bin/node',
1 verbose cli   '/usr/local/bin/npm',
1 verbose cli   'version',
1 verbose cli   'patch' ]
2 info using npm@3.3.12
3 info using node@v5.2.0
4 info git [ 'status', '--porcelain' ]
5 verbose stack Error: Git working directory not clean.
5 verbose stack M src/auth.js
5 verbose stack     at /usr/local/lib/node_modules/npm/lib/version.js:172:21
5 verbose stack     at ChildProcess.exithandler (child_process.js:205:7)
5 verbose stack     at emitTwo (events.js:88:13)
5 verbose stack     at ChildProcess.emit (events.js:173:7)
5 verbose stack     at maybeClose (internal/child_process.js:819:16)
5 verbose stack     at Socket.<anonymous> (internal/child_process.js:320:11)
5 verbose stack     at emitOne (events.js:78:13)
5 verbose stack     at Socket.emit (events.js:170:7)
5 verbose stack     at Pipe._onclose (net.js:470:12)
6 verbose cwd /Users/ktyacke/Documents/Dev/AkamaiOPEN-edgegrid-node
7 error Darwin 14.5.0
8 error argv "/usr/local/bin/node" "/usr/local/bin/npm" "version" "patch"
9 error node v5.2.0
10 error npm  v3.3.12
11 error Git working directory not clean.
11 error M src/auth.js
12 error If you need help, you may report this error at:
12 error     <https://github.com/npm/npm/issues>
13 verbose exit [ 1, true ]
